[Message:   BepInEx] BepInEx 5.4.19.0 - Gorilla Tag (3/27/2022 12:38:14 PM)
[Info   :   BepInEx] Running under Unity v2019.3.15.5898046
[Info   :   BepInEx] CLR runtime version: 4.0.30319.17020
[Info   :   BepInEx] Supports SRE: False
[Info   :   BepInEx] System platform: Bits64, Windows
[Message:   BepInEx] Preloader started
[Info   :   BepInEx] Loaded 1 patcher method from [BepInEx.Preloader 5.4.19.0]
[Info   :   BepInEx] 1 patcher plugin loaded
[Info   :   BepInEx] Patching [UnityEngine.CoreModule] with [BepInEx.Chainloader]
[Message:   BepInEx] Preloader finished
[Message:   BepInEx] Chainloader ready
[Message:   BepInEx] Chainloader started
[Info   :   BepInEx] 9 plugins to load
[Info   :   BepInEx] Loading [Bepinject 1.0.1]
[Info   :   BepInEx] Loading [Gorilla Friends! 1.1.0]
[Info   :   BepInEx] Loading [Utilla 1.6.3]
[Info   :   BepInEx] Loading [Gorilla Cosmetics 3.0.1]
[Info   :   BepInEx] Loading [Mod Menu Patch 1.0.2]
[Info   :   BepInEx] Loading [Computer Interface 1.4.10]
[Info   :   BepInEx] Loading [Computer Interface Commands 1.4.10]
[Info   :   BepInEx] Loading [CI Server Browser 1.4.10]
[Info   :   BepInEx] Loading [Monke Map Loader 1.1.3]
[Message:   BepInEx] Chainloader startup complete
